<?xml version="1.0" encoding="UTF-8"?>
<testsuite name="org.testing.bookcollection.FindTest" tests="1" skipped="0" failures="0" errors="0" timestamp="2023-09-26T17:48:37" hostname="client121" time="0.014">
  <properties/>
  <testcase name="shouldNotFindifCollectionsIsEmpty()" classname="org.testing.bookcollection.FindTest" time="0.014"/>
  <system-out><![CDATA[]]></system-out>
  <system-err><![CDATA[]]></system-err>
</testsuite>
